# JRE version: OpenJDK Runtime Environment (8.0_242-b01) (build 1.8.0_242-release-1644-b01)
# Java VM: OpenJDK 64-Bit Server VM (25.242-b01 mixed mode windows-amd64 compressed oops)
Heap:
 PSYoungGen      total 511488K, used 122511K [0x00000000d5580000, 0x0000000100000000, 0x0000000100000000)
  eden space 324096K, 37% used [0x00000000d5580000,0x00000000dcd23e58,0x00000000e9200000)
  from space 187392K, 0% used [0x00000000e9200000,0x00000000e9200000,0x00000000f4900000)
  to   space 178176K, 0% used [0x00000000f5200000,0x00000000f5200000,0x0000000100000000)
 ParOldGen       total 872960K, used 99697K [0x0000000080000000, 0x00000000b5480000, 0x00000000d5580000)
  object space 872960K, 11% used [0x0000000080000000,0x000000008615c4d0,0x00000000b5480000)
 Metaspace       used 351448K, capacity 374130K, committed 383720K, reserved 1378304K
  class space    used 45635K, capacity 49826K, committed 54520K, reserved 1048576K
GC Heap History (10 events):
Event: 12618.622 GC heap before
{Heap before GC invocations=83 (full 7):
 PSYoungGen      total 521728K, used 478311K [0x00000000d5580000, 0x0000000100000000, 0x0000000100000000)
  eden space 353280K, 99% used [0x00000000d5580000,0x00000000eae7dea0,0x00000000eae80000)
  from space 168448K, 74% used [0x00000000eae80000,0x00000000f289bfa8,0x00000000f5300000)
  to   space 176128K, 0% used [0x00000000f5400000,0x00000000f5400000,0x0000000100000000)
 ParOldGen       total 872960K, used 203973K [0x0000000080000000, 0x00000000b5480000, 0x00000000d5580000)
  object space 872960K, 23% used [0x0000000080000000,0x000000008c731698,0x00000000b5480000)
 Metaspace       used 355576K, capacity 378354K, committed 378600K, reserved 1378304K
  class space    used 46043K, capacity 50292K, committed 50424K, reserved 1048576K
Event: 12618.730 GC heap after
Heap after GC invocations=83 (full 7):
 PSYoungGen      total 509440K, used 126937K [0x00000000d5580000, 0x0000000100000000, 0x0000000100000000)
  eden space 333312K, 0% used [0x00000000d5580000,0x00000000d5580000,0x00000000e9b00000)
  from space 176128K, 72% used [0x00000000f5400000,0x00000000fcff66c8,0x0000000100000000)
  to   space 182784K, 0% used [0x00000000e9b00000,0x00000000e9b00000,0x00000000f4d80000)
 ParOldGen       total 872960K, used 203981K [0x0000000080000000, 0x00000000b5480000, 0x00000000d5580000)
  object space 872960K, 23% used [0x0000000080000000,0x000000008c733698,0x00000000b5480000)
 Metaspace       used 355576K, capacity 378354K, committed 378600K, reserved 1378304K
  class space    used 46043K, capacity 50292K, committed 50424K, reserved 1048576K
}
Event: 12627.026 GC heap before
{Heap before GC invocations=84 (full 7):
 PSYoungGen      total 509440K, used 460249K [0x00000000d5580000, 0x0000000100000000, 0x0000000100000000)
  eden space 333312K, 100% used [0x00000000d5580000,0x00000000e9b00000,0x00000000e9b00000)
  from space 176128K, 72% used [0x00000000f5400000,0x00000000fcff66c8,0x0000000100000000)
  to   space 182784K, 0% used [0x00000000e9b00000,0x00000000e9b00000,0x00000000f4d80000)
 ParOldGen       total 872960K, used 203981K [0x0000000080000000, 0x00000000b5480000, 0x00000000d5580000)
  object space 872960K, 23% used [0x0000000080000000,0x000000008c733698,0x00000000b5480000)
 Metaspace       used 366124K, capacity 390074K, committed 390376K, reserved 1388544K
  class space    used 47645K, capacity 52128K, committed 52216K, reserved 1048576K
Event: 12627.102 GC heap after
Heap after GC invocations=84 (full 7):
 PSYoungGen      total 451072K, used 117740K [0x00000000d5580000, 0x0000000100000000, 0x0000000100000000)
  eden space 333312K, 0% used [0x00000000d5580000,0x00000000d5580000,0x00000000e9b00000)
  from space 117760K, 99% used [0x00000000e9b00000,0x00000000f0dfb140,0x00000000f0e00000)
  to   space 184320K, 0% used [0x00000000f4c00000,0x00000000f4c00000,0x0000000100000000)
 ParOldGen       total 872960K, used 203989K [0x0000000080000000, 0x00000000b5480000, 0x00000000d5580000)
  object space 872960K, 23% used [0x0000000080000000,0x000000008c735698,0x00000000b5480000)
 Metaspace       used 366124K, capacity 390074K, committed 390376K, reserved 1388544K
  class space    used 47645K, capacity 52128K, committed 52216K, reserved 1048576K
}
Event: 12630.612 GC heap before
{Heap before GC invocations=85 (full 7):
 PSYoungGen      total 451072K, used 451052K [0x00000000d5580000, 0x0000000100000000, 0x0000000100000000)
  eden space 333312K, 100% used [0x00000000d5580000,0x00000000e9b00000,0x00000000e9b00000)
  from space 117760K, 99% used [0x00000000e9b00000,0x00000000f0dfb140,0x00000000f0e00000)
  to   space 184320K, 0% used [0x00000000f4c00000,0x00000000f4c00000,0x0000000100000000)
 ParOldGen       total 872960K, used 203989K [0x0000000080000000, 0x00000000b5480000, 0x00000000d5580000)
  object space 872960K, 23% used [0x0000000080000000,0x000000008c735698,0x00000000b5480000)
 Metaspace       used 380740K, capacity 405900K, committed 406248K, reserved 1400832K
  class space    used 49645K, capacity 54357K, committed 54520K, reserved 1048576K
Event: 12630.692 GC heap after
Heap after GC invocations=85 (full 7):
 PSYoungGen      total 508416K, used 124250K [0x00000000d5580000, 0x0000000100000000, 0x0000000100000000)
  eden space 324096K, 0% used [0x00000000d5580000,0x00000000d5580000,0x00000000e9200000)
  from space 184320K, 67% used [0x00000000f4c00000,0x00000000fc556ad8,0x0000000100000000)
  to   space 187392K, 0% used [0x00000000e9200000,0x00000000e9200000,0x00000000f4900000)
 ParOldGen       total 872960K, used 203997K [0x0000000080000000, 0x00000000b5480000, 0x00000000d5580000)
  object space 872960K, 23% used [0x0000000080000000,0x000000008c737698,0x00000000b5480000)
 Metaspace       used 380740K, capacity 405900K, committed 406248K, reserved 1400832K
  class space    used 49645K, capacity 54357K, committed 54520K, reserved 1048576K
}
Event: 12645.872 GC heap before
{Heap before GC invocations=86 (full 7):
 PSYoungGen      total 508416K, used 252885K [0x00000000d5580000, 0x0000000100000000, 0x0000000100000000)
  eden space 324096K, 39% used [0x00000000d5580000,0x00000000dd31e948,0x00000000e9200000)
  from space 184320K, 67% used [0x00000000f4c00000,0x00000000fc556ad8,0x0000000100000000)
  to   space 187392K, 0% used [0x00000000e9200000,0x00000000e9200000,0x00000000f4900000)
 ParOldGen       total 872960K, used 203997K [0x0000000080000000, 0x00000000b5480000, 0x00000000d5580000)
  object space 872960K, 23% used [0x0000000080000000,0x000000008c737698,0x00000000b5480000)
 Metaspace       used 380754K, capacity 405900K, committed 406248K, reserved 1400832K
  class space    used 49645K, capacity 54357K, committed 54520K, reserved 1048576K
Event: 12645.938 GC heap after
Heap after GC invocations=86 (full 7):
 PSYoungGen      total 511488K, used 95513K [0x00000000d5580000, 0x0000000100000000, 0x0000000100000000)
  eden space 324096K, 0% used [0x00000000d5580000,0x00000000d5580000,0x00000000e9200000)
  from space 187392K, 50% used [0x00000000e9200000,0x00000000eef46690,0x00000000f4900000)
  to   space 178176K, 0% used [0x00000000f5200000,0x00000000f5200000,0x0000000100000000)
 ParOldGen       total 872960K, used 206512K [0x0000000080000000, 0x00000000b5480000, 0x00000000d5580000)
  object space 872960K, 23% used [0x0000000080000000,0x000000008c9ac0b8,0x00000000b5480000)
 Metaspace       used 380754K, capacity 405900K, committed 406248K, reserved 1400832K
  class space    used 49645K, capacity 54357K, committed 54520K, reserved 1048576K
}
Event: 12645.938 GC heap before
{Heap before GC invocations=87 (full 8):
 PSYoungGen      total 511488K, used 95513K [0x00000000d5580000, 0x0000000100000000, 0x0000000100000000)
  eden space 324096K, 0% used [0x00000000d5580000,0x00000000d5580000,0x00000000e9200000)
  from space 187392K, 50% used [0x00000000e9200000,0x00000000eef46690,0x00000000f4900000)
  to   space 178176K, 0% used [0x00000000f5200000,0x00000000f5200000,0x0000000100000000)
 ParOldGen       total 872960K, used 206512K [0x0000000080000000, 0x00000000b5480000, 0x00000000d5580000)
  object space 872960K, 23% used [0x0000000080000000,0x000000008c9ac0b8,0x00000000b5480000)
 Metaspace       used 380754K, capacity 405900K, committed 406248K, reserved 1400832K
  class space    used 49645K, capacity 54357K, committed 54520K, reserved 1048576K
Event: 12646.628 GC heap after
Heap after GC invocations=87 (full 8):
 PSYoungGen      total 511488K, used 0K [0x00000000d5580000, 0x0000000100000000, 0x0000000100000000)
  eden space 324096K, 0% used [0x00000000d5580000,0x00000000d5580000,0x00000000e9200000)
  from space 187392K, 0% used [0x00000000e9200000,0x00000000e9200000,0x00000000f4900000)
  to   space 178176K, 0% used [0x00000000f5200000,0x00000000f5200000,0x0000000100000000)
 ParOldGen       total 872960K, used 99697K [0x0000000080000000, 0x00000000b5480000, 0x00000000d5580000)
  object space 872960K, 11% used [0x0000000080000000,0x000000008615c4d0,0x00000000b5480000)
 Metaspace       used 351445K, capacity 374130K, committed 383720K, reserved 1378304K
  class space    used 45635K, capacity 49826K, committed 54520K, reserved 1048576K
}

